<?xml version="1.0" encoding="UTF-8"?>
<!-- Generated by org.testng.reporters.JUnitXMLReporter -->
<testsuite ignored="0" hostname="LTIN271927" failures="2" tests="6" name="Default test" time="58.232" errors="0" timestamp="2024-02-23T14:44:33 IST">
  <testcase classname="io.cucumber.testng.AbstractTestNGCucumberTests" name="@AfterClass tearDownClass" time="31.235">
    <failure type="java.lang.RuntimeException" message="java.io.IOException: HTTP request failed:
&amp;gt; PUT https://cucumber-messages-app-s3bucket-61aropwgu4ox.s3.eu-west-3.amazonaws.com/reports/245f0ed3-a064-44fa-9a42-5e4c8732f0d0?X-Amz-Algorithm=AWS4-HMAC-SHA256&amp;amp;X-Amz-Credential=ASIAWE4HTFKN66PIZMR2%2F20240223%2Feu-west-3%2Fs3%2Faws4_request&amp;amp;X-Amz-Date=20240223T091410Z&amp;amp;X-Amz-Expires=900&amp;amp;X-Amz-Security-Token=IQoJb3JpZ2luX2VjEIf%2F%2F%2F%2F%2F%2F%2F%2F%2F%2FwEaCWV1LXdlc3QtMyJIMEYCIQCe6c6vHvLfUO52LLZ0MktkB8w443Mr3XtW%2FfHhD95pGAIhAOJd0W4upcP3TlSb1O22s5PelsHf9QEs8ghtR75tA8%2F9Kr0DCHAQAxoMNDIyODAxNzc5MzU1IgxozWR5rCFr0Q8BPIEqmgMAvDHivA6qpukYSRB7uWC30dUZcQFamxGdOTzIpjkXapHOtTfSkPEVY5pGXrM6kbPPYoO5mGSjA%2BNHuTEzu1Dnga6TAe6ivWfr35tMteJpTlAD%2FvnTzhqqz7fS2zhXlKBcXBj4DfuN2cILD34UmDWE%2BW6fazCHaJVomv%2B6e6J31nwb3twr9b4Gv3TfiSx49wSPMKhI7RXbmm5Y%2FhhSZeqF%2FgfMH7VvVtjaK6Ak%2BBNZFlQkCubEYsn%2BkSWxjmyHDU9m4yJBcjAYVMj0EbB7BapMsxfV5c4nCARqEZm0dOy96DyIwXYYMeIEKYMpJNFOvv67SoF44UYAiFg%2BlepfNnIcsJ8IdjObo9yz%2F8uQZQWnRokhMOtQY915H7bjGZ7pyxx1QboG8nbNkD18W594NqYrgvlFiYy2kpTuTQ6Q7BCZPKPg1y0Ic5XFWg5omSdJJ10PaxOjim3gaNFw0X6JmIpVk1I25E59AxNOrtA7bcDVYr5gjEO5ND1FqOHcyW3WGYih1iua0pVcTxHXVm%2FPzCbyloRdEOmJwN%2FupzCbieGuBjqdAToRxpxUVY%2FXZsrmyNT6CnpdsCOJv5GWtshNZ%2BOxOhPV%2FOUo2plQbbFsKkCChOGMUB8grNBfsw82kR2SQ7DbNfh89I0e2bdQ3eFwsadinF2sXfLATASeKguP4YMuS2e3kCjVpAUkSeJIOq7Ac8oAcaF4TVSecCk1W021BV7Kkz37LjrLL9NIs59Um7Q9bZfOQycUGVlvNMo2KOTc4Is%3D&amp;amp;X-Amz-Signature=b2b5d581301061a7478f2b6ae97a5b4fd9044838e6f0b59b8de708d07b99da94&amp;amp;X-Amz-SignedHeaders=host

">
      <![CDATA[java.lang.RuntimeException: java.io.IOException: HTTP request failed:
> PUT https://cucumber-messages-app-s3bucket-61aropwgu4ox.s3.eu-west-3.amazonaws.com/reports/245f0ed3-a064-44fa-9a42-5e4c8732f0d0?X-Amz-Algorithm=AWS4-HMAC-SHA256&X-Amz-Credential=ASIAWE4HTFKN66PIZMR2%2F20240223%2Feu-west-3%2Fs3%2Faws4_request&X-Amz-Date=20240223T091410Z&X-Amz-Expires=900&X-Amz-Security-Token=IQoJb3JpZ2luX2VjEIf%2F%2F%2F%2F%2F%2F%2F%2F%2F%2FwEaCWV1LXdlc3QtMyJIMEYCIQCe6c6vHvLfUO52LLZ0MktkB8w443Mr3XtW%2FfHhD95pGAIhAOJd0W4upcP3TlSb1O22s5PelsHf9QEs8ghtR75tA8%2F9Kr0DCHAQAxoMNDIyODAxNzc5MzU1IgxozWR5rCFr0Q8BPIEqmgMAvDHivA6qpukYSRB7uWC30dUZcQFamxGdOTzIpjkXapHOtTfSkPEVY5pGXrM6kbPPYoO5mGSjA%2BNHuTEzu1Dnga6TAe6ivWfr35tMteJpTlAD%2FvnTzhqqz7fS2zhXlKBcXBj4DfuN2cILD34UmDWE%2BW6fazCHaJVomv%2B6e6J31nwb3twr9b4Gv3TfiSx49wSPMKhI7RXbmm5Y%2FhhSZeqF%2FgfMH7VvVtjaK6Ak%2BBNZFlQkCubEYsn%2BkSWxjmyHDU9m4yJBcjAYVMj0EbB7BapMsxfV5c4nCARqEZm0dOy96DyIwXYYMeIEKYMpJNFOvv67SoF44UYAiFg%2BlepfNnIcsJ8IdjObo9yz%2F8uQZQWnRokhMOtQY915H7bjGZ7pyxx1QboG8nbNkD18W594NqYrgvlFiYy2kpTuTQ6Q7BCZPKPg1y0Ic5XFWg5omSdJJ10PaxOjim3gaNFw0X6JmIpVk1I25E59AxNOrtA7bcDVYr5gjEO5ND1FqOHcyW3WGYih1iua0pVcTxHXVm%2FPzCbyloRdEOmJwN%2FupzCbieGuBjqdAToRxpxUVY%2FXZsrmyNT6CnpdsCOJv5GWtshNZ%2BOxOhPV%2FOUo2plQbbFsKkCChOGMUB8grNBfsw82kR2SQ7DbNfh89I0e2bdQ3eFwsadinF2sXfLATASeKguP4YMuS2e3kCjVpAUkSeJIOq7Ac8oAcaF4TVSecCk1W021BV7Kkz37LjrLL9NIs59Um7Q9bZfOQycUGVlvNMo2KOTc4Is%3D&X-Amz-Signature=b2b5d581301061a7478f2b6ae97a5b4fd9044838e6f0b59b8de708d07b99da94&X-Amz-SignedHeaders=host


at io.cucumber.core.plugin.MessageFormatter.writeMessage(MessageFormatter.java:32)
at io.cucumber.core.eventbus.AbstractEventPublisher.send(AbstractEventPublisher.java:51)
at io.cucumber.core.eventbus.AbstractEventBus.send(AbstractEventBus.java:12)
at io.cucumber.core.runtime.SynchronizedEventBus.send(SynchronizedEventBus.java:47)
at io.cucumber.core.runtime.CucumberExecutionContext.emitTestRunFinished(CucumberExecutionContext.java:125)
at io.cucumber.core.runtime.CucumberExecutionContext.finishTestRun(CucumberExecutionContext.java:105)
at io.cucumber.testng.TestNGCucumberRunner.finish(TestNGCucumberRunner.java:145)
at io.cucumber.testng.AbstractTestNGCucumberTests.tearDownClass(AbstractTestNGCucumberTests.java:57)
at java.base/jdk.internal.reflect.NativeMethodAccessorImpl.invoke0(Native Method)
at java.base/jdk.internal.reflect.NativeMethodAccessorImpl.invoke(NativeMethodAccessorImpl.java:77)
at java.base/jdk.internal.reflect.DelegatingMethodAccessorImpl.invoke(DelegatingMethodAccessorImpl.java:43)
at java.base/java.lang.reflect.Method.invoke(Method.java:568)
at org.testng.internal.invokers.MethodInvocationHelper.invokeMethod(MethodInvocationHelper.java:139)
at org.testng.internal.invokers.MethodInvocationHelper.invokeMethodConsideringTimeout(MethodInvocationHelper.java:69)
at org.testng.internal.invokers.ConfigInvoker.invokeConfigurationMethod(ConfigInvoker.java:393)
at org.testng.internal.invokers.ConfigInvoker.invokeConfigurations(ConfigInvoker.java:326)
at org.testng.internal.invokers.TestMethodWorker.invokeAfterClassConfigurations(TestMethodWorker.java:229)
at org.testng.internal.invokers.TestMethodWorker.invokeAfterClassMethods(TestMethodWorker.java:215)
at org.testng.internal.invokers.TestMethodWorker.run(TestMethodWorker.java:131)
at java.base/java.util.ArrayList.forEach(ArrayList.java:1511)
at org.testng.TestRunner.privateRun(TestRunner.java:819)
at org.testng.TestRunner.run(TestRunner.java:619)
at org.testng.SuiteRunner.runTest(SuiteRunner.java:443)
at org.testng.SuiteRunner.runSequentially(SuiteRunner.java:437)
at org.testng.SuiteRunner.privateRun(SuiteRunner.java:397)
at org.testng.SuiteRunner.run(SuiteRunner.java:336)
at org.testng.SuiteRunnerWorker.runSuite(SuiteRunnerWorker.java:52)
at org.testng.SuiteRunnerWorker.run(SuiteRunnerWorker.java:95)
at org.testng.TestNG.runSuitesSequentially(TestNG.java:1301)
at org.testng.TestNG.runSuitesLocally(TestNG.java:1228)
at org.testng.TestNG.runSuites(TestNG.java:1134)
at org.testng.TestNG.run(TestNG.java:1101)
at org.testng.remote.AbstractRemoteTestNG.run(AbstractRemoteTestNG.java:115)
at org.testng.remote.RemoteTestNG.initAndRun(RemoteTestNG.java:251)
at org.testng.remote.RemoteTestNG.main(RemoteTestNG.java:77)
Caused by: java.io.IOException: HTTP request failed:
> PUT https://cucumber-messages-app-s3bucket-61aropwgu4ox.s3.eu-west-3.amazonaws.com/reports/245f0ed3-a064-44fa-9a42-5e4c8732f0d0?X-Amz-Algorithm=AWS4-HMAC-SHA256&X-Amz-Credential=ASIAWE4HTFKN66PIZMR2%2F20240223%2Feu-west-3%2Fs3%2Faws4_request&X-Amz-Date=20240223T091410Z&X-Amz-Expires=900&X-Amz-Security-Token=IQoJb3JpZ2luX2VjEIf%2F%2F%2F%2F%2F%2F%2F%2F%2F%2FwEaCWV1LXdlc3QtMyJIMEYCIQCe6c6vHvLfUO52LLZ0MktkB8w443Mr3XtW%2FfHhD95pGAIhAOJd0W4upcP3TlSb1O22s5PelsHf9QEs8ghtR75tA8%2F9Kr0DCHAQAxoMNDIyODAxNzc5MzU1IgxozWR5rCFr0Q8BPIEqmgMAvDHivA6qpukYSRB7uWC30dUZcQFamxGdOTzIpjkXapHOtTfSkPEVY5pGXrM6kbPPYoO5mGSjA%2BNHuTEzu1Dnga6TAe6ivWfr35tMteJpTlAD%2FvnTzhqqz7fS2zhXlKBcXBj4DfuN2cILD34UmDWE%2BW6fazCHaJVomv%2B6e6J31nwb3twr9b4Gv3TfiSx49wSPMKhI7RXbmm5Y%2FhhSZeqF%2FgfMH7VvVtjaK6Ak%2BBNZFlQkCubEYsn%2BkSWxjmyHDU9m4yJBcjAYVMj0EbB7BapMsxfV5c4nCARqEZm0dOy96DyIwXYYMeIEKYMpJNFOvv67SoF44UYAiFg%2BlepfNnIcsJ8IdjObo9yz%2F8uQZQWnRokhMOtQY915H7bjGZ7pyxx1QboG8nbNkD18W594NqYrgvlFiYy2kpTuTQ6Q7BCZPKPg1y0Ic5XFWg5omSdJJ10PaxOjim3gaNFw0X6JmIpVk1I25E59AxNOrtA7bcDVYr5gjEO5ND1FqOHcyW3WGYih1iua0pVcTxHXVm%2FPzCbyloRdEOmJwN%2FupzCbieGuBjqdAToRxpxUVY%2FXZsrmyNT6CnpdsCOJv5GWtshNZ%2BOxOhPV%2FOUo2plQbbFsKkCChOGMUB8grNBfsw82kR2SQ7DbNfh89I0e2bdQ3eFwsadinF2sXfLATASeKguP4YMuS2e3kCjVpAUkSeJIOq7Ac8oAcaF4TVSecCk1W021BV7Kkz37LjrLL9NIs59Um7Q9bZfOQycUGVlvNMo2KOTc4Is%3D&X-Amz-Signature=b2b5d581301061a7478f2b6ae97a5b4fd9044838e6f0b59b8de708d07b99da94&X-Amz-SignedHeaders=host


at io.cucumber.core.plugin.UrlOutputStream.createCurlLikeException(UrlOutputStream.java:150)
at io.cucumber.core.plugin.UrlOutputStream.sendRequestBody(UrlOutputStream.java:116)
at io.cucumber.core.plugin.UrlOutputStream.sendRequest(UrlOutputStream.java:94)
at io.cucumber.core.plugin.UrlOutputStream.sendRequest(UrlOutputStream.java:90)
at io.cucumber.core.plugin.UrlOutputStream.close(UrlOutputStream.java:65)
at java.base/sun.nio.cs.StreamEncoder.implClose(StreamEncoder.java:347)
at java.base/sun.nio.cs.StreamEncoder.close(StreamEncoder.java:169)
at java.base/java.io.OutputStreamWriter.close(OutputStreamWriter.java:252)
at io.cucumber.core.plugin.MessageFormatter.writeMessage(MessageFormatter.java:29)
... 34 more
Caused by: java.net.ConnectException: Connection timed out: connect
at java.base/sun.nio.ch.Net.connect0(Native Method)
at java.base/sun.nio.ch.Net.connect(Net.java:579)
at java.base/sun.nio.ch.Net.connect(Net.java:568)
at java.base/sun.nio.ch.NioSocketImpl.connect(NioSocketImpl.java:593)
at java.base/java.net.SocksSocketImpl.connect(SocksSocketImpl.java:327)
at java.base/java.net.Socket.connect(Socket.java:633)
at java.base/sun.security.ssl.SSLSocketImpl.connect(SSLSocketImpl.java:304)
at java.base/sun.security.ssl.BaseSSLSocketImpl.connect(BaseSSLSocketImpl.java:174)
at java.base/sun.net.NetworkClient.doConnect(NetworkClient.java:183)
at java.base/sun.net.www.http.HttpClient.openServer(HttpClient.java:533)
at java.base/sun.net.www.http.HttpClient.openServer(HttpClient.java:638)
at java.base/sun.net.www.protocol.https.HttpsClient.<init>(HttpsClient.java:266)
at java.base/sun.net.www.protocol.https.HttpsClient.New(HttpsClient.java:380)
at java.base/sun.net.www.protocol.https.AbstractDelegateHttpsURLConnection.getNewHttpClient(AbstractDelegateHttpsURLConnection.java:193)
at java.base/sun.net.www.protocol.http.HttpURLConnection.plainConnect0(HttpURLConnection.java:1287)
at java.base/sun.net.www.protocol.http.HttpURLConnection.plainConnect(HttpURLConnection.java:1128)
at java.base/sun.net.www.protocol.https.AbstractDelegateHttpsURLConnection.connect(AbstractDelegateHttpsURLConnection.java:179)
at java.base/sun.net.www.protocol.http.HttpURLConnection.getOutputStream0(HttpURLConnection.java:1430)
at java.base/sun.net.www.protocol.http.HttpURLConnection.getOutputStream(HttpURLConnection.java:1401)
at java.base/sun.net.www.protocol.https.HttpsURLConnectionImpl.getOutputStream(HttpsURLConnectionImpl.java:220)
at io.cucumber.core.plugin.UrlOutputStream.sendRequestBody(UrlOutputStream.java:111)
... 41 more
]]>
    </failure>
  </testcase> <!-- @AfterClass tearDownClass -->
  <testcase classname="io.cucumber.testng.AbstractTestNGCucumberTests" name="runScenario" time="3.215"/>
  <testcase classname="io.cucumber.testng.AbstractTestNGCucumberTests" name="runScenario" time="3.47">
    <failure type="io.cucumber.testng.UndefinedStepException" message="The step &amp;apos;check whether upcoming bikes is present in dropdown&amp;apos; is undefined.
You can implement this step using the snippet(s) below:

@Then(&amp;quot;check whether upcoming bikes is present in dropdown&amp;quot;)
public void check_whether_upcoming_bikes_is_present_in_dropdown() {
    // Write code here that turns the phrase above into concrete actions
    throw new io.cucumber.java.PendingException();
}
">
      <![CDATA[io.cucumber.testng.UndefinedStepException: The step 'check whether upcoming bikes is present in dropdown' is undefined.
You can implement this step using the snippet(s) below:

@Then("check whether upcoming bikes is present in dropdown")
public void check_whether_upcoming_bikes_is_present_in_dropdown() {
    // Write code here that turns the phrase above into concrete actions
    throw new io.cucumber.java.PendingException();
}

at io.cucumber.core.runtime.TestCaseResultObserver.assertTestCasePassed(TestCaseResultObserver.java:69)
at io.cucumber.testng.TestCaseResultObserver.assertTestCasePassed(TestCaseResultObserver.java:23)
at io.cucumber.testng.TestNGCucumberRunner.lambda$runScenario$1(TestNGCucumberRunner.java:133)
at io.cucumber.core.runtime.CucumberExecutionContext.lambda$runTestCase$5(CucumberExecutionContext.java:137)
at io.cucumber.core.runtime.RethrowingThrowableCollector.executeAndThrow(RethrowingThrowableCollector.java:23)
at io.cucumber.core.runtime.CucumberExecutionContext.runTestCase(CucumberExecutionContext.java:137)
at io.cucumber.testng.TestNGCucumberRunner.runScenario(TestNGCucumberRunner.java:129)
at io.cucumber.testng.AbstractTestNGCucumberTests.runScenario(AbstractTestNGCucumberTests.java:35)
at java.base/jdk.internal.reflect.NativeMethodAccessorImpl.invoke0(Native Method)
at java.base/jdk.internal.reflect.NativeMethodAccessorImpl.invoke(NativeMethodAccessorImpl.java:77)
at java.base/jdk.internal.reflect.DelegatingMethodAccessorImpl.invoke(DelegatingMethodAccessorImpl.java:43)
at java.base/java.lang.reflect.Method.invoke(Method.java:568)
at org.testng.internal.invokers.MethodInvocationHelper.invokeMethod(MethodInvocationHelper.java:139)
at org.testng.internal.invokers.TestInvoker.invokeMethod(TestInvoker.java:664)
at org.testng.internal.invokers.TestInvoker.invokeTestMethod(TestInvoker.java:228)
at org.testng.internal.invokers.MethodRunner.runInSequence(MethodRunner.java:63)
at org.testng.internal.invokers.TestInvoker$MethodInvocationAgent.invoke(TestInvoker.java:961)
at org.testng.internal.invokers.TestInvoker.invokeTestMethods(TestInvoker.java:201)
at org.testng.internal.invokers.TestMethodWorker.invokeTestMethods(TestMethodWorker.java:148)
at org.testng.internal.invokers.TestMethodWorker.run(TestMethodWorker.java:128)
at java.base/java.util.ArrayList.forEach(ArrayList.java:1511)
at org.testng.TestRunner.privateRun(TestRunner.java:819)
at org.testng.TestRunner.run(TestRunner.java:619)
at org.testng.SuiteRunner.runTest(SuiteRunner.java:443)
at org.testng.SuiteRunner.runSequentially(SuiteRunner.java:437)
at org.testng.SuiteRunner.privateRun(SuiteRunner.java:397)
at org.testng.SuiteRunner.run(SuiteRunner.java:336)
at org.testng.SuiteRunnerWorker.runSuite(SuiteRunnerWorker.java:52)
at org.testng.SuiteRunnerWorker.run(SuiteRunnerWorker.java:95)
at org.testng.TestNG.runSuitesSequentially(TestNG.java:1301)
at org.testng.TestNG.runSuitesLocally(TestNG.java:1228)
at org.testng.TestNG.runSuites(TestNG.java:1134)
at org.testng.TestNG.run(TestNG.java:1101)
at org.testng.remote.AbstractRemoteTestNG.run(AbstractRemoteTestNG.java:115)
at org.testng.remote.RemoteTestNG.initAndRun(RemoteTestNG.java:251)
at org.testng.remote.RemoteTestNG.main(RemoteTestNG.java:77)
]]>
    </failure>
  </testcase> <!-- runScenario -->
  <testcase classname="io.cucumber.testng.AbstractTestNGCucumberTests" name="runScenario" time="5.246"/>
  <testcase classname="io.cucumber.testng.AbstractTestNGCucumberTests" name="runScenario" time="0.331">
    <failure type="io.cucumber.testng.UndefinedStepException" message="The step &amp;apos;user is on any page of the zigwheels website&amp;apos; and 1 other step(s) are undefined.
You can implement these steps using the snippet(s) below:

@Given(&amp;quot;user is on any page of the zigwheels website&amp;quot;)
public void user_is_on_any_page_of_the_zigwheels_website() {
    // Write code here that turns the phrase above into concrete actions
    throw new io.cucumber.java.PendingException();
}
@When(&amp;quot;user hovers on Used Cars&amp;quot;)
public void user_hovers_on_used_cars() {
    // Write code here that turns the phrase above into concrete actions
    throw new io.cucumber.java.PendingException();
}
">
      <![CDATA[io.cucumber.testng.UndefinedStepException: The step 'user is on any page of the zigwheels website' and 1 other step(s) are undefined.
You can implement these steps using the snippet(s) below:

@Given("user is on any page of the zigwheels website")
public void user_is_on_any_page_of_the_zigwheels_website() {
    // Write code here that turns the phrase above into concrete actions
    throw new io.cucumber.java.PendingException();
}
@When("user hovers on Used Cars")
public void user_hovers_on_used_cars() {
    // Write code here that turns the phrase above into concrete actions
    throw new io.cucumber.java.PendingException();
}

at io.cucumber.core.runtime.TestCaseResultObserver.assertTestCasePassed(TestCaseResultObserver.java:69)
at io.cucumber.testng.TestCaseResultObserver.assertTestCasePassed(TestCaseResultObserver.java:23)
at io.cucumber.testng.TestNGCucumberRunner.lambda$runScenario$1(TestNGCucumberRunner.java:133)
at io.cucumber.core.runtime.CucumberExecutionContext.lambda$runTestCase$5(CucumberExecutionContext.java:137)
at io.cucumber.core.runtime.RethrowingThrowableCollector.executeAndThrow(RethrowingThrowableCollector.java:23)
at io.cucumber.core.runtime.CucumberExecutionContext.runTestCase(CucumberExecutionContext.java:137)
at io.cucumber.testng.TestNGCucumberRunner.runScenario(TestNGCucumberRunner.java:129)
at io.cucumber.testng.AbstractTestNGCucumberTests.runScenario(AbstractTestNGCucumberTests.java:35)
at java.base/jdk.internal.reflect.NativeMethodAccessorImpl.invoke0(Native Method)
at java.base/jdk.internal.reflect.NativeMethodAccessorImpl.invoke(NativeMethodAccessorImpl.java:77)
at java.base/jdk.internal.reflect.DelegatingMethodAccessorImpl.invoke(DelegatingMethodAccessorImpl.java:43)
at java.base/java.lang.reflect.Method.invoke(Method.java:568)
at org.testng.internal.invokers.MethodInvocationHelper.invokeMethod(MethodInvocationHelper.java:139)
at org.testng.internal.invokers.TestInvoker.invokeMethod(TestInvoker.java:664)
at org.testng.internal.invokers.TestInvoker.invokeTestMethod(TestInvoker.java:228)
at org.testng.internal.invokers.MethodRunner.runInSequence(MethodRunner.java:63)
at org.testng.internal.invokers.TestInvoker$MethodInvocationAgent.invoke(TestInvoker.java:961)
at org.testng.internal.invokers.TestInvoker.invokeTestMethods(TestInvoker.java:201)
at org.testng.internal.invokers.TestMethodWorker.invokeTestMethods(TestMethodWorker.java:148)
at org.testng.internal.invokers.TestMethodWorker.run(TestMethodWorker.java:128)
at java.base/java.util.ArrayList.forEach(ArrayList.java:1511)
at org.testng.TestRunner.privateRun(TestRunner.java:819)
at org.testng.TestRunner.run(TestRunner.java:619)
at org.testng.SuiteRunner.runTest(SuiteRunner.java:443)
at org.testng.SuiteRunner.runSequentially(SuiteRunner.java:437)
at org.testng.SuiteRunner.privateRun(SuiteRunner.java:397)
at org.testng.SuiteRunner.run(SuiteRunner.java:336)
at org.testng.SuiteRunnerWorker.runSuite(SuiteRunnerWorker.java:52)
at org.testng.SuiteRunnerWorker.run(SuiteRunnerWorker.java:95)
at org.testng.TestNG.runSuitesSequentially(TestNG.java:1301)
at org.testng.TestNG.runSuitesLocally(TestNG.java:1228)
at org.testng.TestNG.runSuites(TestNG.java:1134)
at org.testng.TestNG.run(TestNG.java:1101)
at org.testng.remote.AbstractRemoteTestNG.run(AbstractRemoteTestNG.java:115)
at org.testng.remote.RemoteTestNG.initAndRun(RemoteTestNG.java:251)
at org.testng.remote.RemoteTestNG.main(RemoteTestNG.java:77)
]]>
    </failure>
  </testcase> <!-- runScenario -->
  <testcase classname="io.cucumber.testng.AbstractTestNGCucumberTests" name="runScenario" time="0.916"/>
  <testcase classname="io.cucumber.testng.AbstractTestNGCucumberTests" name="runScenario" time="2.077"/>
</testsuite> <!-- Default test -->
