<?xml version="1.0" encoding="UTF-8"?>
<!-- Generated by org.testng.reporters.JUnitXMLReporter -->
<testsuite ignored="0" hostname="LTIN271927" failures="0" tests="11" name="Chrome Test" time="359.246" errors="0" timestamp="2024-02-27T10:34:11 IST">
  <testcase classname="testCases.TC001_InvalidGoogleLogin" name="testInvalidGoogleLogin" time="31.689"/>
  <testcase classname="testCases.TC002_BikeDetails" name="testBikeDetails" time="12.529"/>
  <testcase classname="testCases.TC002_BikeDetails" name="testWriteBikeDetails" time="7.12"/>
  <testcase classname="testCases.TC003_CarDetails" name="testCarDetails" time="16.2"/>
  <testcase classname="testCases.TC003_CarDetails" name="testWriteCarDetails" time="2.057"/>
  <testcase classname="testCases.TC004_UsedCarDetails" name="testUsedCars" time="13.435"/>
  <testcase classname="testCases.TC004_UsedCarDetails" name="testWritePopularCarModel" time="0.381"/>
  <testcase classname="testCases.TC004_UsedCarDetails" name="testWriteAllPopularCarModelDetails" time="143.297"/>
  <testcase classname="testCases.TC005_HealthInsurance" name="testHealthInsurance" time="33.2"/>
  <testcase classname="testCases.TC005_HealthInsurance" name="testWriteHealthInsuranceBrandName" time="15.521"/>
  <testcase classname="testCases.TC005_HealthInsurance" name="testWriteHealthInsurancePlan" time="0.584"/>
</testsuite> <!-- Chrome Test -->
