<?xml version="1.0" encoding="UTF-8"?>
<!-- Generated by org.testng.reporters.JUnitXMLReporter -->
<testsuite ignored="0" hostname="LTIN271927" failures="0" tests="11" name="Chrome Test" time="450.937" errors="0" timestamp="2024-02-27T12:36:57 IST">
  <testcase classname="testCases.TC001_InvalidGoogleLogin" name="testInvalidGoogleLogin" time="32.656"/>
  <testcase classname="testCases.TC002_BikeDetails" name="testBikeDetails" time="34.476"/>
  <testcase classname="testCases.TC002_BikeDetails" name="testWriteBikeDetails" time="6.474"/>
  <testcase classname="testCases.TC003_CarDetails" name="testCarDetails" time="41.025"/>
  <testcase classname="testCases.TC003_CarDetails" name="testWriteCarDetails" time="2.153"/>
  <testcase classname="testCases.TC004_UsedCarDetails" name="testUsedCars" time="31.116"/>
  <testcase classname="testCases.TC004_UsedCarDetails" name="testWritePopularCarModel" time="0.332"/>
  <testcase classname="testCases.TC004_UsedCarDetails" name="testWriteAllPopularCarModelDetails" time="194.859"/>
  <testcase classname="testCases.TC005_HealthInsurance" name="testHealthInsurance" time="34.527"/>
  <testcase classname="testCases.TC005_HealthInsurance" name="testWriteHealthInsuranceBrandName" time="15.486"/>
  <testcase classname="testCases.TC005_HealthInsurance" name="testWriteHealthInsurancePlan" time="0.569"/>
</testsuite> <!-- Chrome Test -->
