<?xml version="1.0" encoding="UTF-8"?>
<testng-results ignored="0" total="11" passed="11" failed="0" skipped="0">
  <reporter-output>
  </reporter-output>
  <suite started-at="2024-02-26T16:02:45 IST" name="Suite" finished-at="2024-02-26T16:09:26 IST" duration-ms="400655">
    <groups>
    </groups>
    <test started-at="2024-02-26T16:02:45 IST" name="Chrome Test" finished-at="2024-02-26T16:09:26 IST" duration-ms="400655">
      <class name="testCases.TC003_CarDetails">
        <test-method is-config="true" signature="initializeBrowser(java.lang.String)[pri:0, instance:testCases.TC003_CarDetails@1a245833]" started-at="2024-02-26T16:04:17 IST" name="initializeBrowser" finished-at="2024-02-26T16:04:24 IST" duration-ms="7605" status="PASS">
          <params>
            <param index="0">
              <value>
                <![CDATA[Chrome]]>
              </value>
            </param>
          </params>
          <reporter-output>
          </reporter-output>
        </test-method> <!-- initializeBrowser -->
        <test-method signature="testCarDetails()[pri:0, instance:testCases.TC003_CarDetails@1a245833]" started-at="2024-02-26T16:04:24 IST" name="testCarDetails" finished-at="2024-02-26T16:04:32 IST" duration-ms="7596" status="PASS">
          <reporter-output>
          </reporter-output>
        </test-method> <!-- testCarDetails -->
        <test-method signature="testWriteCarDetails()[pri:1, instance:testCases.TC003_CarDetails@1a245833]" started-at="2024-02-26T16:04:32 IST" name="testWriteCarDetails" finished-at="2024-02-26T16:04:34 IST" duration-ms="2696" status="PASS">
          <reporter-output>
          </reporter-output>
        </test-method> <!-- testWriteCarDetails -->
        <test-method is-config="true" signature="closeBrowser()[pri:0, instance:testCases.TC003_CarDetails@1a245833]" started-at="2024-02-26T16:04:34 IST" name="closeBrowser" finished-at="2024-02-26T16:04:36 IST" duration-ms="1218" status="PASS">
          <reporter-output>
          </reporter-output>
        </test-method> <!-- closeBrowser -->
      </class> <!-- testCases.TC003_CarDetails -->
      <class name="testCases.TC005_UsedCarDetails">
        <test-method is-config="true" signature="initializeBrowser(java.lang.String)[pri:0, instance:testCases.TC005_UsedCarDetails@5965d37]" started-at="2024-02-26T16:05:40 IST" name="initializeBrowser" finished-at="2024-02-26T16:05:47 IST" duration-ms="7471" status="PASS">
          <params>
            <param index="0">
              <value>
                <![CDATA[Chrome]]>
              </value>
            </param>
          </params>
          <reporter-output>
          </reporter-output>
        </test-method> <!-- initializeBrowser -->
        <test-method signature="testUsedCars()[pri:0, instance:testCases.TC005_UsedCarDetails@5965d37]" started-at="2024-02-26T16:05:47 IST" name="testUsedCars" finished-at="2024-02-26T16:06:09 IST" duration-ms="21677" status="PASS">
          <reporter-output>
          </reporter-output>
        </test-method> <!-- testUsedCars -->
        <test-method signature="testWritePopularCarModel()[pri:1, instance:testCases.TC005_UsedCarDetails@5965d37]" started-at="2024-02-26T16:06:09 IST" name="testWritePopularCarModel" finished-at="2024-02-26T16:06:09 IST" duration-ms="363" status="PASS">
          <reporter-output>
          </reporter-output>
        </test-method> <!-- testWritePopularCarModel -->
        <test-method signature="testWriteAllPopularCarModelDetails()[pri:2, instance:testCases.TC005_UsedCarDetails@5965d37]" started-at="2024-02-26T16:06:09 IST" name="testWriteAllPopularCarModelDetails" finished-at="2024-02-26T16:09:25 IST" duration-ms="195658" status="PASS">
          <reporter-output>
          </reporter-output>
        </test-method> <!-- testWriteAllPopularCarModelDetails -->
        <test-method is-config="true" signature="closeBrowser()[pri:0, instance:testCases.TC005_UsedCarDetails@5965d37]" started-at="2024-02-26T16:09:25 IST" name="closeBrowser" finished-at="2024-02-26T16:09:26 IST" duration-ms="1167" status="PASS">
          <reporter-output>
          </reporter-output>
        </test-method> <!-- closeBrowser -->
      </class> <!-- testCases.TC005_UsedCarDetails -->
      <class name="testCases.TC001_InvalidGoogleLogin">
        <test-method is-config="true" signature="initializeBrowser(java.lang.String)[pri:0, instance:testCases.TC001_InvalidGoogleLogin@65987993]" started-at="2024-02-26T16:02:45 IST" name="initializeBrowser" finished-at="2024-02-26T16:02:57 IST" duration-ms="11437" status="PASS">
          <params>
            <param index="0">
              <value>
                <![CDATA[Chrome]]>
              </value>
            </param>
          </params>
          <reporter-output>
          </reporter-output>
        </test-method> <!-- initializeBrowser -->
        <test-method signature="testInvalidGoogleLogin()[pri:0, instance:testCases.TC001_InvalidGoogleLogin@65987993]" started-at="2024-02-26T16:02:57 IST" name="testInvalidGoogleLogin" finished-at="2024-02-26T16:03:07 IST" duration-ms="10121" status="PASS">
          <reporter-output>
          </reporter-output>
        </test-method> <!-- testInvalidGoogleLogin -->
        <test-method is-config="true" signature="closeBrowser()[pri:0, instance:testCases.TC001_InvalidGoogleLogin@65987993]" started-at="2024-02-26T16:03:07 IST" name="closeBrowser" finished-at="2024-02-26T16:03:08 IST" duration-ms="1350" status="PASS">
          <reporter-output>
          </reporter-output>
        </test-method> <!-- closeBrowser -->
      </class> <!-- testCases.TC001_InvalidGoogleLogin -->
      <class name="testCases.TC004_HealthInsurance">
        <test-method is-config="true" signature="initializeBrowser(java.lang.String)[pri:0, instance:testCases.TC004_HealthInsurance@673fdbce]" started-at="2024-02-26T16:04:36 IST" name="initializeBrowser" finished-at="2024-02-26T16:04:44 IST" duration-ms="8309" status="PASS">
          <params>
            <param index="0">
              <value>
                <![CDATA[Chrome]]>
              </value>
            </param>
          </params>
          <reporter-output>
          </reporter-output>
        </test-method> <!-- initializeBrowser -->
        <test-method signature="testHealthInsurance()[pri:0, instance:testCases.TC004_HealthInsurance@673fdbce]" started-at="2024-02-26T16:04:44 IST" name="testHealthInsurance" finished-at="2024-02-26T16:05:23 IST" duration-ms="38679" status="PASS">
          <reporter-output>
          </reporter-output>
        </test-method> <!-- testHealthInsurance -->
        <test-method signature="testWriteHealthInsuranceBrandName()[pri:1, instance:testCases.TC004_HealthInsurance@673fdbce]" started-at="2024-02-26T16:05:23 IST" name="testWriteHealthInsuranceBrandName" finished-at="2024-02-26T16:05:38 IST" duration-ms="15357" status="PASS">
          <reporter-output>
          </reporter-output>
        </test-method> <!-- testWriteHealthInsuranceBrandName -->
        <test-method signature="testWriteHealthInsurancePlan()[pri:2, instance:testCases.TC004_HealthInsurance@673fdbce]" started-at="2024-02-26T16:05:38 IST" name="testWriteHealthInsurancePlan" finished-at="2024-02-26T16:05:38 IST" duration-ms="330" status="PASS">
          <reporter-output>
          </reporter-output>
        </test-method> <!-- testWriteHealthInsurancePlan -->
        <test-method is-config="true" signature="closeBrowser()[pri:0, instance:testCases.TC004_HealthInsurance@673fdbce]" started-at="2024-02-26T16:05:38 IST" name="closeBrowser" finished-at="2024-02-26T16:05:40 IST" duration-ms="1216" status="PASS">
          <reporter-output>
          </reporter-output>
        </test-method> <!-- closeBrowser -->
      </class> <!-- testCases.TC004_HealthInsurance -->
      <class name="testCases.TC002_BikeDetails">
        <test-method is-config="true" signature="initializeBrowser(java.lang.String)[pri:0, instance:testCases.TC002_BikeDetails@4007f65e]" started-at="2024-02-26T16:03:08 IST" name="initializeBrowser" finished-at="2024-02-26T16:03:16 IST" duration-ms="7812" status="PASS">
          <params>
            <param index="0">
              <value>
                <![CDATA[Chrome]]>
              </value>
            </param>
          </params>
          <reporter-output>
          </reporter-output>
        </test-method> <!-- initializeBrowser -->
        <test-method signature="testBikeDetails()[pri:0, instance:testCases.TC002_BikeDetails@4007f65e]" started-at="2024-02-26T16:03:16 IST" name="testBikeDetails" finished-at="2024-02-26T16:04:10 IST" duration-ms="53418" status="PASS">
          <reporter-output>
          </reporter-output>
        </test-method> <!-- testBikeDetails -->
        <test-method signature="testWriteBikeDetails()[pri:1, instance:testCases.TC002_BikeDetails@4007f65e]" started-at="2024-02-26T16:04:10 IST" name="testWriteBikeDetails" finished-at="2024-02-26T16:04:15 IST" duration-ms="5702" status="PASS">
          <reporter-output>
          </reporter-output>
        </test-method> <!-- testWriteBikeDetails -->
        <test-method is-config="true" signature="closeBrowser()[pri:0, instance:testCases.TC002_BikeDetails@4007f65e]" started-at="2024-02-26T16:04:15 IST" name="closeBrowser" finished-at="2024-02-26T16:04:17 IST" duration-ms="1313" status="PASS">
          <reporter-output>
          </reporter-output>
        </test-method> <!-- closeBrowser -->
      </class> <!-- testCases.TC002_BikeDetails -->
    </test> <!-- Chrome Test -->
  </suite> <!-- Suite -->
</testng-results>
