<?xml version="1.0" encoding="UTF-8"?>
<testng-results ignored="0" total="11" passed="11" failed="0" skipped="0">
  <reporter-output>
  </reporter-output>
  <suite started-at="2024-02-27T16:26:17 IST" name="Suite" finished-at="2024-02-27T16:35:20 IST" duration-ms="543190">
    <groups>
    </groups>
    <test started-at="2024-02-27T16:26:17 IST" name="Chrome Test" finished-at="2024-02-27T16:35:20 IST" duration-ms="543190">
      <class name="testCases.TC004_UsedCarDetails">
        <test-method is-config="true" signature="initializeBrowser(java.lang.String)[pri:0, instance:testCases.TC004_UsedCarDetails@673fdbce]" started-at="2024-02-27T16:30:17 IST" name="initializeBrowser" finished-at="2024-02-27T16:30:54 IST" duration-ms="37596" status="PASS">
          <params>
            <param index="0">
              <value>
                <![CDATA[Chrome]]>
              </value>
            </param>
          </params>
          <reporter-output>
          </reporter-output>
        </test-method> <!-- initializeBrowser -->
        <test-method signature="testUsedCars()[pri:0, instance:testCases.TC004_UsedCarDetails@673fdbce]" started-at="2024-02-27T16:30:54 IST" name="testUsedCars" finished-at="2024-02-27T16:31:33 IST" duration-ms="39170" status="PASS">
          <reporter-output>
          </reporter-output>
        </test-method> <!-- testUsedCars -->
        <test-method signature="testWritePopularCarModel()[pri:1, instance:testCases.TC004_UsedCarDetails@673fdbce]" started-at="2024-02-27T16:31:33 IST" name="testWritePopularCarModel" finished-at="2024-02-27T16:31:34 IST" duration-ms="273" status="PASS">
          <reporter-output>
          </reporter-output>
        </test-method> <!-- testWritePopularCarModel -->
        <test-method signature="testWriteAllPopularCarModelDetails()[pri:2, instance:testCases.TC004_UsedCarDetails@673fdbce]" started-at="2024-02-27T16:31:34 IST" name="testWriteAllPopularCarModelDetails" finished-at="2024-02-27T16:33:47 IST" duration-ms="133476" status="PASS">
          <reporter-output>
          </reporter-output>
        </test-method> <!-- testWriteAllPopularCarModelDetails -->
        <test-method is-config="true" signature="closeBrowser()[pri:0, instance:testCases.TC004_UsedCarDetails@673fdbce]" started-at="2024-02-27T16:33:47 IST" name="closeBrowser" finished-at="2024-02-27T16:33:48 IST" duration-ms="1274" status="PASS">
          <reporter-output>
          </reporter-output>
        </test-method> <!-- closeBrowser -->
      </class> <!-- testCases.TC004_UsedCarDetails -->
      <class name="testCases.TC005_HealthInsurance">
        <test-method is-config="true" signature="initializeBrowser(java.lang.String)[pri:0, instance:testCases.TC005_HealthInsurance@5965d37]" started-at="2024-02-27T16:33:48 IST" name="initializeBrowser" finished-at="2024-02-27T16:34:27 IST" duration-ms="38595" status="PASS">
          <params>
            <param index="0">
              <value>
                <![CDATA[Chrome]]>
              </value>
            </param>
          </params>
          <reporter-output>
          </reporter-output>
        </test-method> <!-- initializeBrowser -->
        <test-method signature="testHealthInsurance()[pri:0, instance:testCases.TC005_HealthInsurance@5965d37]" started-at="2024-02-27T16:34:27 IST" name="testHealthInsurance" finished-at="2024-02-27T16:35:04 IST" duration-ms="36555" status="PASS">
          <reporter-output>
          </reporter-output>
        </test-method> <!-- testHealthInsurance -->
        <test-method signature="testWriteHealthInsuranceBrandName()[pri:1, instance:testCases.TC005_HealthInsurance@5965d37]" started-at="2024-02-27T16:35:04 IST" name="testWriteHealthInsuranceBrandName" finished-at="2024-02-27T16:35:19 IST" duration-ms="15158" status="PASS">
          <reporter-output>
          </reporter-output>
        </test-method> <!-- testWriteHealthInsuranceBrandName -->
        <test-method signature="testWriteHealthInsurancePlan()[pri:2, instance:testCases.TC005_HealthInsurance@5965d37]" started-at="2024-02-27T16:35:19 IST" name="testWriteHealthInsurancePlan" finished-at="2024-02-27T16:35:19 IST" duration-ms="126" status="PASS">
          <reporter-output>
          </reporter-output>
        </test-method> <!-- testWriteHealthInsurancePlan -->
        <test-method is-config="true" signature="closeBrowser()[pri:0, instance:testCases.TC005_HealthInsurance@5965d37]" started-at="2024-02-27T16:35:19 IST" name="closeBrowser" finished-at="2024-02-27T16:35:20 IST" duration-ms="1326" status="PASS">
          <reporter-output>
          </reporter-output>
        </test-method> <!-- closeBrowser -->
      </class> <!-- testCases.TC005_HealthInsurance -->
      <class name="testCases.TC003_CarDetails">
        <test-method is-config="true" signature="initializeBrowser(java.lang.String)[pri:0, instance:testCases.TC003_CarDetails@1a245833]" started-at="2024-02-27T16:29:20 IST" name="initializeBrowser" finished-at="2024-02-27T16:30:01 IST" duration-ms="41061" status="PASS">
          <params>
            <param index="0">
              <value>
                <![CDATA[Chrome]]>
              </value>
            </param>
          </params>
          <reporter-output>
          </reporter-output>
        </test-method> <!-- initializeBrowser -->
        <test-method signature="testCarDetails()[pri:0, instance:testCases.TC003_CarDetails@1a245833]" started-at="2024-02-27T16:30:01 IST" name="testCarDetails" finished-at="2024-02-27T16:30:13 IST" duration-ms="12051" status="PASS">
          <reporter-output>
          </reporter-output>
        </test-method> <!-- testCarDetails -->
        <test-method signature="testWriteCarDetails()[pri:1, instance:testCases.TC003_CarDetails@1a245833]" started-at="2024-02-27T16:30:13 IST" name="testWriteCarDetails" finished-at="2024-02-27T16:30:15 IST" duration-ms="2148" status="PASS">
          <reporter-output>
          </reporter-output>
        </test-method> <!-- testWriteCarDetails -->
        <test-method is-config="true" signature="closeBrowser()[pri:0, instance:testCases.TC003_CarDetails@1a245833]" started-at="2024-02-27T16:30:15 IST" name="closeBrowser" finished-at="2024-02-27T16:30:17 IST" duration-ms="1248" status="PASS">
          <reporter-output>
          </reporter-output>
        </test-method> <!-- closeBrowser -->
      </class> <!-- testCases.TC003_CarDetails -->
      <class name="testCases.TC001_InvalidGoogleLogin">
        <test-method is-config="true" signature="initializeBrowser(java.lang.String)[pri:0, instance:testCases.TC001_InvalidGoogleLogin@65987993]" started-at="2024-02-27T16:26:17 IST" name="initializeBrowser" finished-at="2024-02-27T16:26:26 IST" duration-ms="9158" status="PASS">
          <params>
            <param index="0">
              <value>
                <![CDATA[Chrome]]>
              </value>
            </param>
          </params>
          <reporter-output>
          </reporter-output>
        </test-method> <!-- initializeBrowser -->
        <test-method signature="testInvalidGoogleLogin()[pri:0, instance:testCases.TC001_InvalidGoogleLogin@65987993]" started-at="2024-02-27T16:26:26 IST" name="testInvalidGoogleLogin" finished-at="2024-02-27T16:28:02 IST" duration-ms="96078" status="PASS">
          <reporter-output>
          </reporter-output>
        </test-method> <!-- testInvalidGoogleLogin -->
        <test-method is-config="true" signature="closeBrowser()[pri:0, instance:testCases.TC001_InvalidGoogleLogin@65987993]" started-at="2024-02-27T16:28:02 IST" name="closeBrowser" finished-at="2024-02-27T16:28:04 IST" duration-ms="1448" status="PASS">
          <reporter-output>
          </reporter-output>
        </test-method> <!-- closeBrowser -->
      </class> <!-- testCases.TC001_InvalidGoogleLogin -->
      <class name="testCases.TC002_BikeDetails">
        <test-method is-config="true" signature="initializeBrowser(java.lang.String)[pri:0, instance:testCases.TC002_BikeDetails@4007f65e]" started-at="2024-02-27T16:28:04 IST" name="initializeBrowser" finished-at="2024-02-27T16:28:43 IST" duration-ms="39019" status="PASS">
          <params>
            <param index="0">
              <value>
                <![CDATA[Chrome]]>
              </value>
            </param>
          </params>
          <reporter-output>
          </reporter-output>
        </test-method> <!-- initializeBrowser -->
        <test-method signature="testBikeDetails()[pri:0, instance:testCases.TC002_BikeDetails@4007f65e]" started-at="2024-02-27T16:28:43 IST" name="testBikeDetails" finished-at="2024-02-27T16:29:15 IST" duration-ms="31744" status="PASS">
          <reporter-output>
          </reporter-output>
        </test-method> <!-- testBikeDetails -->
        <test-method signature="testWriteBikeDetails()[pri:1, instance:testCases.TC002_BikeDetails@4007f65e]" started-at="2024-02-27T16:29:15 IST" name="testWriteBikeDetails" finished-at="2024-02-27T16:29:19 IST" duration-ms="4147" status="PASS">
          <reporter-output>
          </reporter-output>
        </test-method> <!-- testWriteBikeDetails -->
        <test-method is-config="true" signature="closeBrowser()[pri:0, instance:testCases.TC002_BikeDetails@4007f65e]" started-at="2024-02-27T16:29:19 IST" name="closeBrowser" finished-at="2024-02-27T16:29:20 IST" duration-ms="1393" status="PASS">
          <reporter-output>
          </reporter-output>
        </test-method> <!-- closeBrowser -->
      </class> <!-- testCases.TC002_BikeDetails -->
    </test> <!-- Chrome Test -->
  </suite> <!-- Suite -->
</testng-results>
