<?xml version="1.0" encoding="UTF-8"?>
<testng-results ignored="0" total="5" passed="5" failed="0" skipped="0">
  <reporter-output>
  </reporter-output>
  <suite started-at="2024-02-23T08:46:00 IST" name="Suite" finished-at="2024-02-23T08:52:30 IST" duration-ms="390405">
    <groups>
      <group name="cucumber">
        <method signature="AbstractTestNGCucumberTests.runScenario(io.cucumber.testng.PickleWrapper,io.cucumber.testng.FeatureWrapper)[pri:0, instance:testRunner.TestRunner@4722ef0c]" name="runScenario" class="io.cucumber.testng.AbstractTestNGCucumberTests"/>
      </group> <!-- cucumber -->
    </groups>
    <test started-at="2024-02-23T08:46:00 IST" name="Test" finished-at="2024-02-23T08:52:30 IST" duration-ms="390405">
      <class name="testRunner.TestRunner">
        <test-method is-config="true" signature="setUpClass(org.testng.ITestContext)[pri:0, instance:testRunner.TestRunner@4722ef0c]" started-at="2024-02-23T08:46:00 IST" name="setUpClass" finished-at="2024-02-23T08:46:02 IST" duration-ms="2567" status="PASS">
          <params>
            <param index="0">
              <value>
                <![CDATA[org.testng.TestRunner@695e9431]]>
              </value>
            </param>
          </params>
          <reporter-output>
          </reporter-output>
        </test-method> <!-- setUpClass -->
        <test-method signature="runScenario(io.cucumber.testng.PickleWrapper,io.cucumber.testng.FeatureWrapper)[pri:0, instance:testRunner.TestRunner@4722ef0c]" started-at="2024-02-23T08:46:02 IST" name="runScenario" description="Runs Cucumber Scenarios" data-provider="scenarios" finished-at="2024-02-23T08:46:32 IST" duration-ms="30042" status="PASS">
          <params>
            <param index="0">
              <value>
                <![CDATA["Extract all upcoming bike details under four lacks"]]>
              </value>
            </param>
            <param index="1">
              <value>
                <![CDATA["Upcoming Bike Details"]]>
              </value>
            </param>
          </params>
          <reporter-output>
          </reporter-output>
        </test-method> <!-- runScenario -->
        <test-method signature="runScenario(io.cucumber.testng.PickleWrapper,io.cucumber.testng.FeatureWrapper)[pri:0, instance:testRunner.TestRunner@4722ef0c]" started-at="2024-02-23T08:46:32 IST" name="runScenario" description="Runs Cucumber Scenarios" data-provider="scenarios" finished-at="2024-02-23T08:50:15 IST" duration-ms="223064" status="PASS">
          <params>
            <param index="0">
              <value>
                <![CDATA["Extract all popular model of used cars in Chennai"]]>
              </value>
            </param>
            <param index="1">
              <value>
                <![CDATA["Used Cars in Chennai"]]>
              </value>
            </param>
          </params>
          <reporter-output>
          </reporter-output>
        </test-method> <!-- runScenario -->
        <test-method signature="runScenario(io.cucumber.testng.PickleWrapper,io.cucumber.testng.FeatureWrapper)[pri:0, instance:testRunner.TestRunner@4722ef0c]" started-at="2024-02-23T08:50:15 IST" name="runScenario" description="Runs Cucumber Scenarios" data-provider="scenarios" finished-at="2024-02-23T08:50:37 IST" duration-ms="21526" status="PASS">
          <params>
            <param index="0">
              <value>
                <![CDATA["Google login with invalid account"]]>
              </value>
            </param>
            <param index="1">
              <value>
                <![CDATA["Invalid Google Login"]]>
              </value>
            </param>
          </params>
          <reporter-output>
          </reporter-output>
        </test-method> <!-- runScenario -->
        <test-method signature="runScenario(io.cucumber.testng.PickleWrapper,io.cucumber.testng.FeatureWrapper)[pri:0, instance:testRunner.TestRunner@4722ef0c]" started-at="2024-02-23T08:50:37 IST" name="runScenario" description="Runs Cucumber Scenarios" data-provider="scenarios" finished-at="2024-02-23T08:51:01 IST" duration-ms="24013" status="PASS">
          <params>
            <param index="0">
              <value>
                <![CDATA["Extract all upcoming car details"]]>
              </value>
            </param>
            <param index="1">
              <value>
                <![CDATA["Upcoming Car Details"]]>
              </value>
            </param>
          </params>
          <reporter-output>
          </reporter-output>
        </test-method> <!-- runScenario -->
        <test-method signature="runScenario(io.cucumber.testng.PickleWrapper,io.cucumber.testng.FeatureWrapper)[pri:0, instance:testRunner.TestRunner@4722ef0c]" started-at="2024-02-23T08:51:01 IST" name="runScenario" description="Runs Cucumber Scenarios" data-provider="scenarios" finished-at="2024-02-23T08:52:25 IST" duration-ms="84505" status="PASS">
          <params>
            <param index="0">
              <value>
                <![CDATA["Extracting all health insurance plan"]]>
              </value>
            </param>
            <param index="1">
              <value>
                <![CDATA["Health Insurance"]]>
              </value>
            </param>
          </params>
          <reporter-output>
          </reporter-output>
        </test-method> <!-- runScenario -->
        <test-method is-config="true" signature="tearDownClass()[pri:0, instance:testRunner.TestRunner@4722ef0c]" started-at="2024-02-23T08:52:25 IST" name="tearDownClass" finished-at="2024-02-23T08:52:30 IST" duration-ms="4549" status="PASS">
          <reporter-output>
          </reporter-output>
        </test-method> <!-- tearDownClass -->
      </class> <!-- testRunner.TestRunner -->
    </test> <!-- Test -->
  </suite> <!-- Suite -->
</testng-results>
